<?xml version="1.0" encoding="UTF-8"?>
<testng-results skipped="0" failed="0" total="2" passed="2">
  <reporter-output>
  </reporter-output>
  <suite name="Default suite" duration-ms="10121" started-at="2023-02-22T03:23:20Z" finished-at="2023-02-22T03:23:30Z">
    <groups>
    </groups>
    <test name="Default test" duration-ms="10121" started-at="2023-02-22T03:23:20Z" finished-at="2023-02-22T03:23:30Z">
      <class name="com.ebay.qa.test.HomePageTestcases">
        <test-method status="PASS" signature="setup()[pri:0, instance:com.ebay.qa.test.HomePageTestcases@1a407d53]" name="setup" is-config="true" duration-ms="4944" started-at="2023-02-21T22:23:20Z" finished-at="2023-02-21T22:23:25Z">
          <reporter-output>
          </reporter-output>
        </test-method> <!-- setup -->
        <test-method status="PASS" signature="homepageTitleTest()[pri:1, instance:com.ebay.qa.test.HomePageTestcases@1a407d53]" name="homepageTitleTest" duration-ms="21" started-at="2023-02-21T22:23:25Z" finished-at="2023-02-21T22:23:25Z">
          <reporter-output>
          </reporter-output>
        </test-method> <!-- homepageTitleTest -->
        <test-method status="PASS" signature="teardown()[pri:0, instance:com.ebay.qa.test.HomePageTestcases@1a407d53]" name="teardown" is-config="true" duration-ms="653" started-at="2023-02-21T22:23:25Z" finished-at="2023-02-21T22:23:26Z">
          <reporter-output>
          </reporter-output>
        </test-method> <!-- teardown -->
        <test-method status="PASS" signature="setup()[pri:0, instance:com.ebay.qa.test.HomePageTestcases@1a407d53]" name="setup" is-config="true" duration-ms="3380" started-at="2023-02-21T22:23:26Z" finished-at="2023-02-21T22:23:29Z">
          <reporter-output>
          </reporter-output>
        </test-method> <!-- setup -->
        <test-method status="PASS" signature="homepageLogoTest()[pri:2, instance:com.ebay.qa.test.HomePageTestcases@1a407d53]" name="homepageLogoTest" duration-ms="466" started-at="2023-02-21T22:23:29Z" finished-at="2023-02-21T22:23:29Z">
          <reporter-output>
          </reporter-output>
        </test-method> <!-- homepageLogoTest -->
        <test-method status="PASS" signature="teardown()[pri:0, instance:com.ebay.qa.test.HomePageTestcases@1a407d53]" name="teardown" is-config="true" duration-ms="632" started-at="2023-02-21T22:23:30Z" finished-at="2023-02-21T22:23:30Z">
          <reporter-output>
          </reporter-output>
        </test-method> <!-- teardown -->
      </class> <!-- com.ebay.qa.test.HomePageTestcases -->
    </test> <!-- Default test -->
  </suite> <!-- Default suite -->
</testng-results>
